2025-01-09 05:17:23,686 - sentence_transformers.SentenceTransformer - INFO - Load pretrained SentenceTransformer: intfloat/e5-large-v2
2025-01-09 05:17:27,725 - py.warnings - WARNING - /home/shuvraneel/Desktop/Publishability-of-Research/kdsh-2025/lib/python3.12/site-packages/pathway/internals/parse_graph.py:249: UserWarning: There are operators in the computation graph that haven't been used. Use pathway.run() (or similar) to run the computation involving these nodes.
  warnings.warn(

2025-01-09 05:18:00,534 - sentence_transformers.SentenceTransformer - INFO - Load pretrained SentenceTransformer: intfloat/e5-large-v2
2025-01-09 05:18:05,333 - pathway_engine.engine.dataflow - INFO - Preparing Pathway computation
2025-01-09 05:24:47,167 - sentence_transformers.SentenceTransformer - INFO - Load pretrained SentenceTransformer: intfloat/e5-large-v2
2025-01-09 05:24:52,832 - pathway_engine.engine.dataflow - INFO - Preparing Pathway computation
2025-01-09 05:24:52,837 - pathway_engine.connectors - INFO - Enter read_snapshot method with reader Python
2025-01-09 05:24:52,970 - googleapiclient.discovery_cache - INFO - file_cache is only supported with oauth2client<4.0.0
2025-01-09 05:24:54,336 - pathway_engine.connectors.monitoring - INFO - PythonReader-0: 0 entries (1 minibatch(es)) have been sent to the engine
2025-01-09 05:25:00,335 - pathway_engine.connectors.monitoring - INFO - PythonReader-0: 1 entries (4 minibatch(es)) have been sent to the engine
2025-01-09 05:25:00,718 - pathway_engine.connectors.monitoring - INFO - PythonReader-0: 1 entries (1 minibatch(es)) have been sent to the engine
2025-01-09 05:25:00,718 - pathway_engine.connectors.monitoring - WARNING - PythonReader-0: Closing the data source
2025-01-09 05:25:01,428 - pathway_engine.engine.dataflow - INFO - Preparing Pathway computation
2025-01-09 05:36:02,897 - sentence_transformers.SentenceTransformer - INFO - Load pretrained SentenceTransformer: intfloat/e5-large-v2
2025-01-09 05:36:07,227 - pathway_engine.engine.dataflow - INFO - Preparing Pathway computation
2025-01-09 05:45:05,393 - sentence_transformers.SentenceTransformer - INFO - Load pretrained SentenceTransformer: intfloat/e5-large-v2
2025-01-09 05:45:10,247 - pathway_engine.engine.dataflow - INFO - Preparing Pathway computation
2025-01-09 05:45:10,253 - pathway_engine.connectors - INFO - Enter read_snapshot method with reader Python
2025-01-09 05:45:10,255 - pathway_engine.connectors.monitoring - INFO - PythonReader-0: 0 entries (1 minibatch(es)) have been sent to the engine
2025-01-09 05:45:10,345 - googleapiclient.discovery_cache - INFO - file_cache is only supported with oauth2client<4.0.0
2025-01-09 05:45:16,252 - pathway_engine.connectors.monitoring - INFO - PythonReader-0: 1 entries (4 minibatch(es)) have been sent to the engine
2025-01-09 05:45:36,188 - sentence_transformers.SentenceTransformer - INFO - Load pretrained SentenceTransformer: intfloat/e5-large-v2
2025-01-09 05:45:39,937 - pathway_engine.engine.dataflow - INFO - Preparing Pathway computation
2025-01-09 05:45:39,941 - pathway_engine.connectors - INFO - Enter read_snapshot method with reader Python
2025-01-09 05:45:39,942 - pathway_engine.connectors.monitoring - INFO - PythonReader-0: 0 entries (1 minibatch(es)) have been sent to the engine
2025-01-09 05:45:40,054 - googleapiclient.discovery_cache - INFO - file_cache is only supported with oauth2client<4.0.0
2025-01-09 05:45:45,940 - pathway_engine.connectors.monitoring - INFO - PythonReader-0: 1 entries (4 minibatch(es)) have been sent to the engine
2025-01-09 05:45:47,564 - pathway_engine.connectors.monitoring - INFO - PythonReader-0: 1 entries (2 minibatch(es)) have been sent to the engine
2025-01-09 05:45:47,565 - pathway_engine.connectors.monitoring - WARNING - PythonReader-0: Closing the data source
2025-01-09 05:45:49,099 - pathway_engine.engine.dataflow - INFO - Preparing Pathway computation
2025-01-09 05:56:08,393 - sentence_transformers.SentenceTransformer - INFO - Load pretrained SentenceTransformer: intfloat/e5-large-v2
2025-01-09 05:56:12,349 - pathway_engine.engine.dataflow - INFO - Preparing Pathway computation
2025-01-09 05:56:32,212 - sentence_transformers.SentenceTransformer - INFO - Load pretrained SentenceTransformer: intfloat/e5-large-v2
2025-01-09 05:56:36,238 - pathway_engine.engine.dataflow - INFO - Preparing Pathway computation
2025-01-09 05:58:35,200 - sentence_transformers.SentenceTransformer - INFO - Load pretrained SentenceTransformer: intfloat/e5-large-v2
2025-01-09 05:58:38,764 - pathway_engine.engine.dataflow - INFO - Preparing Pathway computation
2025-01-09 06:00:26,966 - sentence_transformers.SentenceTransformer - INFO - Load pretrained SentenceTransformer: intfloat/e5-large-v2
2025-01-09 06:00:30,844 - pathway_engine.engine.dataflow - INFO - Preparing Pathway computation
2025-01-09 06:01:59,160 - sentence_transformers.SentenceTransformer - INFO - Load pretrained SentenceTransformer: intfloat/e5-large-v2
2025-01-09 06:02:03,179 - pathway_engine.engine.dataflow - INFO - Preparing Pathway computation
2025-01-09 06:05:12,554 - sentence_transformers.SentenceTransformer - INFO - Load pretrained SentenceTransformer: intfloat/e5-large-v2
2025-01-09 06:05:17,338 - py.warnings - WARNING - /home/shuvraneel/Desktop/Publishability-of-Research/kdsh-2025/lib/python3.12/site-packages/pathway/internals/parse_graph.py:249: UserWarning: There are operators in the computation graph that haven't been used. Use pathway.run() (or similar) to run the computation involving these nodes.
  warnings.warn(

2025-01-09 06:05:48,114 - sentence_transformers.SentenceTransformer - INFO - Load pretrained SentenceTransformer: intfloat/e5-large-v2
2025-01-09 06:05:51,751 - py.warnings - WARNING - /home/shuvraneel/Desktop/Publishability-of-Research/kdsh-2025/lib/python3.12/site-packages/pathway/internals/parse_graph.py:249: UserWarning: There are operators in the computation graph that haven't been used. Use pathway.run() (or similar) to run the computation involving these nodes.
  warnings.warn(

2025-01-09 06:06:35,278 - sentence_transformers.SentenceTransformer - INFO - Load pretrained SentenceTransformer: intfloat/e5-large-v2
2025-01-09 06:06:39,673 - pathway_engine.engine.dataflow - INFO - Preparing Pathway computation
2025-01-09 06:06:39,678 - pathway_engine.connectors - INFO - Enter read_snapshot method with reader Python
2025-01-09 06:06:39,750 - pathway_engine.connectors.monitoring - INFO - PythonReader-0: 0 entries (1 minibatch(es)) have been sent to the engine
2025-01-09 06:06:39,751 - googleapiclient.discovery_cache - INFO - file_cache is only supported with oauth2client<4.0.0
2025-01-09 06:06:45,676 - pathway_engine.connectors.monitoring - INFO - PythonReader-0: 1 entries (4 minibatch(es)) have been sent to the engine
2025-01-09 06:06:47,881 - pathway_engine.connectors.monitoring - INFO - PythonReader-0: 1 entries (2 minibatch(es)) have been sent to the engine
2025-01-09 06:06:47,882 - pathway_engine.connectors.monitoring - WARNING - PythonReader-0: Closing the data source
2025-01-09 06:06:47,909 - pathway_engine.engine.dataflow - INFO - Preparing Pathway computation
2025-01-09 06:08:00,805 - sentence_transformers.SentenceTransformer - INFO - Load pretrained SentenceTransformer: intfloat/e5-large-v2
2025-01-09 06:08:04,982 - pathway_engine.engine.dataflow - INFO - Preparing Pathway computation
2025-01-09 06:08:43,014 - sentence_transformers.SentenceTransformer - INFO - Load pretrained SentenceTransformer: intfloat/e5-large-v2
2025-01-09 06:08:47,336 - pathway_engine.engine.dataflow - INFO - Preparing Pathway computation
2025-01-09 06:08:47,340 - pathway_engine.connectors - INFO - Enter read_snapshot method with reader Python
2025-01-09 06:08:47,421 - pathway_engine.connectors.monitoring - INFO - PythonReader-0: 0 entries (1 minibatch(es)) have been sent to the engine
2025-01-09 06:08:47,422 - googleapiclient.discovery_cache - INFO - file_cache is only supported with oauth2client<4.0.0
2025-01-09 06:08:53,339 - pathway_engine.connectors.monitoring - INFO - PythonReader-0: 1 entries (4 minibatch(es)) have been sent to the engine
2025-01-09 06:08:56,000 - pathway_engine.connectors.monitoring - INFO - PythonReader-0: 1 entries (2 minibatch(es)) have been sent to the engine
2025-01-09 06:08:56,000 - pathway_engine.connectors.monitoring - WARNING - PythonReader-0: Closing the data source
2025-01-09 06:08:56,017 - pathway_engine.engine.dataflow - INFO - Preparing Pathway computation
2025-01-09 06:14:32,801 - sentence_transformers.SentenceTransformer - INFO - Load pretrained SentenceTransformer: intfloat/e5-large-v2
2025-01-09 06:14:36,835 - pathway_engine.engine.dataflow - INFO - Preparing Pathway computation
2025-01-09 06:14:36,841 - pathway_engine.connectors - INFO - Enter read_snapshot method with reader Python
2025-01-09 06:14:36,920 - googleapiclient.discovery_cache - INFO - file_cache is only supported with oauth2client<4.0.0
2025-01-09 06:14:38,340 - pathway_engine.connectors.monitoring - INFO - PythonReader-0: 0 entries (1 minibatch(es)) have been sent to the engine
2025-01-09 06:14:44,339 - pathway_engine.connectors.monitoring - INFO - PythonReader-0: 1 entries (4 minibatch(es)) have been sent to the engine
2025-01-09 06:14:45,157 - pathway_engine.connectors.monitoring - INFO - PythonReader-0: 1 entries (1 minibatch(es)) have been sent to the engine
2025-01-09 06:14:45,158 - pathway_engine.connectors.monitoring - WARNING - PythonReader-0: Closing the data source
2025-01-09 06:14:45,914 - pathway_engine.engine.dataflow - INFO - Preparing Pathway computation
2025-01-09 06:16:30,481 - sentence_transformers.SentenceTransformer - INFO - Load pretrained SentenceTransformer: intfloat/e5-large-v2
2025-01-09 06:16:34,311 - pathway_engine.engine.dataflow - INFO - Preparing Pathway computation
2025-01-09 06:16:34,316 - pathway_engine.connectors - INFO - Enter read_snapshot method with reader Python
2025-01-09 06:16:34,403 - googleapiclient.discovery_cache - INFO - file_cache is only supported with oauth2client<4.0.0
2025-01-09 06:16:35,814 - pathway_engine.connectors.monitoring - INFO - PythonReader-0: 0 entries (1 minibatch(es)) have been sent to the engine
2025-01-09 06:16:41,814 - pathway_engine.connectors.monitoring - INFO - PythonReader-0: 1 entries (4 minibatch(es)) have been sent to the engine
2025-01-09 06:16:42,963 - pathway_engine.connectors.monitoring - INFO - PythonReader-0: 1 entries (1 minibatch(es)) have been sent to the engine
2025-01-09 06:16:42,963 - pathway_engine.connectors.monitoring - WARNING - PythonReader-0: Closing the data source
2025-01-09 06:16:42,990 - pathway_engine.engine.dataflow - INFO - Preparing Pathway computation
